 o-------------------------------------------------o
 | CEFA: Comprehensive Exploratory Factor Analysis |
 |                                                 |
 |               Release Version 3.04              |
 |                  December 2009                  |
 |                                                 |
 |           Mathematical Specification:           |
 |        Michael W. Browne, Robert Cudeck,        |
 |       Krishna Tateneni, and Gerhard Mels.       |
 |                                                 |
 |                   Programming:                  |
 |         Krishna Tateneni, Gerhard Mels,         |
 |      Robert Cudeck, and Michael W. Browne.      |
 o-------------------------------------------------o
 
 Date: 2014-10-22
 Time: 23:09:50
 
 ****
 *  *
 ****
 
 o=====================o
 | Details of Analysis |
 o=====================o
 
 Data file              : aa_a1.inp
 
 Number of observations :   400
 Number of variables    :    12
 Number of factors      :     4
 
 Rotation type          : Orthogonal+Oblique
 Sort columns using     : Descending sums of squares
 
 Rotation Criterion     : CF-VARIMAX
 Row weights            : Kaiser
 
 Rotation Criterion 2   : GEOMIN
 Optional parameter     : 0.100E-01
 Row weights            : Kaiser
 
 Rotation convergence   : 0.100E-05
 
 Std Errors using       : Bordered information matrix
 Derivatives            : Analytic
 
 
 
 
 ********************
 * Rotation Details *
 ********************
 
 o=====================================o
 | Row Weights (Not Necessarily Used!) |
 o=====================================o
 
  Kaiser weights, Cureton-Mulaik weights, and
  their products (final Cureton-Mulaik weights)
 
   y1             1.055       0.569       0.600
   y2             1.040       0.496       0.516
   y3             1.037       0.601       0.623
   y4             1.056       0.581       0.613
   y5             1.045       0.640       0.669
   y6             1.039       0.501       0.520
   y7             1.068       0.509       0.544
   y8             1.050       0.572       0.601
   y9             1.029       0.569       0.586
   y10            1.046       0.541       0.566
   y11            1.040       0.572       0.594
   y12            1.005       0.544       0.547
 
 o=======================o
 | Iteration Information |
 o=======================o
 
 ------------------------------------------------------------------
 Cycle          FunVal        MinDelta        MaxDelta  BMin  BMax
 ------------------------------------------------------------------
     1  6.638232210620  0.108395074989  0.334556577145     5     6
     2  6.490145396628  0.006685175445  0.060931826129     5     6
     3  6.489297958348  0.000000014901  0.005543990193     5     6
 ------------------------------------------------------------------
       Switched to Minimum Bracketing Procedure...
 ------------------------------------------------------------------
     4  6.489277543678  0.000050795599  0.000996219167     1     5
     5  6.489277501407  0.000000462540  0.000033206924     1     5
     6  6.489277500185  0.000000173332  0.000006000422     3     5
     7  6.489277500179  0.000000062931  0.000000400643     4     5
 ------------------------------------------------------------------
 
 o==================================o
 | CF-VARIMAX Rotated Factor Matrix |
 o==================================o
 
                     T1          T2          T3          T4
   y1             0.840       0.256       0.260       0.243
   y2             0.276       0.278       0.281       0.832
   y3             0.213       0.268       0.863       0.260
   y4             0.232       0.845       0.263       0.244
   y5             0.868       0.241       0.200       0.254
   y6             0.301       0.264       0.268       0.834
   y7             0.268       0.284       0.812       0.254
   y8             0.280       0.846       0.245       0.228
   y9             0.861       0.249       0.244       0.286
   y10            0.255       0.242       0.291       0.840
   y11            0.237       0.239       0.852       0.293
   y12            0.250       0.876       0.282       0.283
 
 CF-VARIMAX Criterion: 6.489277500179225
 
 o=====================o
 | Factor Correlations |
 o=====================o
 
                     T1          T2          T3          T4
   T1             1.000
   T2             0.000       1.000
   T3             0.000       0.000       1.000
   T4             0.000       0.000       0.000       1.000
 
 ------------------------------------------------------------------
 Cycle          FunVal        MinDelta        MaxDelta  BMin  BMax
 ------------------------------------------------------------------
     1  0.435790100627  0.144019018315  0.386681490063     6     8
     2  0.398826563684  0.001991658564  0.106543267815     6     8
     3  0.398807913639  0.000000000000  0.002701845113     5     7
     4  0.398807913639  0.000000000000  0.000000000000     5     5
 ------------------------------------------------------------------
       Switched to Minimum Bracketing Procedure...
 ------------------------------------------------------------------
     5  0.398807418347  0.000006433870  0.000337583853     8     8
     6  0.398807418038  0.000000102281  0.000008112128     1     6
     7  0.398807418038  0.000000000000  0.000000254796     1     5
 ------------------------------------------------------------------
 
 o==============================o
 | GEOMIN Rotated Factor Matrix |
 o==============================o
 
                     T1          T2          T3          T4
   y1            -0.019       0.018       0.050       0.919
   y2             0.935       0.033       0.006       0.005
   y3            -0.002       0.016       0.971      -0.027
   y4             0.009       0.941       0.016      -0.015
   y5             0.010       0.004      -0.033       0.967
   y6             0.937       0.011      -0.013       0.043
   y7            -0.015       0.040       0.889       0.054
   y8            -0.021       0.939      -0.013       0.056
   y9             0.042      -0.003       0.014       0.939
   y10            0.956      -0.015       0.031      -0.017
   y11            0.047      -0.033       0.949       0.004
   y12            0.045       0.963       0.019      -0.013
 
 GEOMIN Criterion: 0.3988074180380161
 
 o=====================o
 | Factor Correlations |
 o=====================o
 
                     T1          T2          T3          T4
   T1             1.000
   T2             0.603       1.000
   T3             0.632       0.607       1.000
   T4             0.615       0.583       0.565       1.000
 
 
 
 
 ***************************
 * Standard Errors Details *
 ***************************
 
 o=========================================o
 | Bordered Information Matrix Diagnostics |
 o=========================================o
 
 No errors trapped in calculations.
Maximum constraint violation:       0.693E-07
 
Elapsed Seconds:      0
 
 o================================o
 | Standard Errors after Rotation |
 o================================o
 
                     T1          T2          T3          T4
   y1             0.018       0.018       0.021       0.015
   y2             0.015       0.018       0.016       0.015
   y3             0.017       0.015       0.014       0.016
   y4             0.017       0.013       0.018       0.015
   y5             0.017       0.016       0.016       0.013
   y6             0.015       0.016       0.016       0.018
   y7             0.019       0.021       0.018       0.023
   y8             0.017       0.015       0.016       0.020
   y9             0.019       0.015       0.014       0.013
   y10            0.015       0.016       0.018       0.016
   y11            0.021       0.016       0.016       0.014
   y12            0.015       0.011       0.013       0.011
 
                     T1          T2          T3          T4
   T1             0.000
   T2             0.033       0.000
   T3             0.031       0.032       0.000
   T4             0.032       0.034       0.035       0.000
 
 o========================================o
 | One-At-A-Time 90% Confidence Intervals |
 o========================================o
 
                      T1                T2                T3                T4      
    y1      (-0.048; 0.011)   (-0.012; 0.047)   ( 0.016; 0.085)   ( 0.894; 0.945)   
    y2      ( 0.910; 0.959)   ( 0.004; 0.062)   (-0.021; 0.033)   (-0.020; 0.030)   
    y3      (-0.030; 0.026)   (-0.009; 0.041)   ( 0.948; 0.994)   (-0.052;-0.001)   
    y4      (-0.020; 0.037)   ( 0.919; 0.963)   (-0.013; 0.046)   (-0.039; 0.009)   
    y5      (-0.018; 0.037)   (-0.023; 0.030)   (-0.060;-0.006)   ( 0.946; 0.988)   
    y6      ( 0.912; 0.963)   (-0.015; 0.036)   (-0.040; 0.013)   ( 0.013; 0.073)   
    y7      (-0.046; 0.016)   ( 0.006; 0.075)   ( 0.859; 0.919)   ( 0.016; 0.091)   
    y8      (-0.050; 0.007)   ( 0.915; 0.963)   (-0.040; 0.014)   ( 0.023; 0.089)   
    y9      ( 0.011; 0.072)   (-0.028; 0.022)   (-0.009; 0.037)   ( 0.917; 0.961)   
    y10     ( 0.931; 0.981)   (-0.042; 0.011)   ( 0.000; 0.061)   (-0.043; 0.009)   
    y11     ( 0.012; 0.081)   (-0.060;-0.006)   ( 0.923; 0.975)   (-0.019; 0.027)   
    y12     ( 0.021; 0.069)   ( 0.945; 0.982)   (-0.002; 0.040)   (-0.032; 0.005)   
 
    T2      ( 0.546; 0.654)   
    T3      ( 0.578; 0.680)   ( 0.551; 0.657)   
    T4      ( 0.560; 0.665)   ( 0.525; 0.635)   ( 0.505; 0.619)   
 
 o================o
 | CEFA Completed |
 o================o
