 o-------------------------------------------------o
 | CEFA: Comprehensive Exploratory Factor Analysis |
 |                                                 |
 |               Release Version 3.04              |
 |                  December 2009                  |
 |                                                 |
 |           Mathematical Specification:           |
 |        Michael W. Browne, Robert Cudeck,        |
 |       Krishna Tateneni, and Gerhard Mels.       |
 |                                                 |
 |                   Programming:                  |
 |         Krishna Tateneni, Gerhard Mels,         |
 |      Robert Cudeck, and Michael W. Browne.      |
 o-------------------------------------------------o
 
 Date: 2014-10-22
 Time: 23:09:50
 
 ****
 *  *
 ****
 
 o=====================o
 | Details of Analysis |
 o=====================o
 
 Data file              : aa_a5.inp
 
 Number of observations :   400
 Number of variables    :    12
 Number of factors      :     4
 
 Rotation type          : Orthogonal+Oblique
 Sort columns using     : Descending sums of squares
 
 Rotation Criterion     : CF-VARIMAX
 Row weights            : Kaiser
 
 Rotation Criterion 2   : GEOMIN
 Optional parameter     : 0.100E-01
 Row weights            : Kaiser
 
 Rotation convergence   : 0.100E-05
 
 Std Errors using       : Bordered information matrix
 Derivatives            : Analytic
 
 
 
 
 ********************
 * Rotation Details *
 ********************
 
 o=====================================o
 | Row Weights (Not Necessarily Used!) |
 o=====================================o
 
  Kaiser weights, Cureton-Mulaik weights, and
  their products (final Cureton-Mulaik weights)
 
   y1             1.057       0.526       0.556
   y2             1.053       0.572       0.602
   y3             1.024       0.557       0.570
   y4             1.051       0.499       0.525
   y5             1.044       0.524       0.547
   y6             1.035       0.592       0.612
   y7             1.057       0.556       0.588
   y8             1.041       0.518       0.539
   y9             1.024       0.552       0.565
   y10            1.049       0.576       0.604
   y11            1.049       0.560       0.587
   y12            0.999       0.491       0.490
 
 o=======================o
 | Iteration Information |
 o=======================o
 
 ------------------------------------------------------------------
 Cycle          FunVal        MinDelta        MaxDelta  BMin  BMax
 ------------------------------------------------------------------
     1  6.740081477459  0.148046173033  0.284672224675     5     6
     2  6.608571087824  0.004647492303  0.059667735611     5     6
     3  6.607808963607  0.000000014901  0.004792776557     5     6
 ------------------------------------------------------------------
       Switched to Minimum Bracketing Procedure...
 ------------------------------------------------------------------
     4  6.607788379021  0.000009019914  0.000920662902     1     6
     5  6.607788356682  0.000000075707  0.000022779812     1     5
     6  6.607788355914  0.000000445229  0.000005483719     5     6
     7  6.607788355895  0.000000000000  0.000000800170     1     5
 ------------------------------------------------------------------
 
 o==================================o
 | CF-VARIMAX Rotated Factor Matrix |
 o==================================o
 
                     T1          T2          T3          T4
   y1             0.264       0.262       0.270       0.827
   y2             0.251       0.261       0.843       0.248
   y3             0.862       0.267       0.253       0.272
   y4             0.266       0.825       0.288       0.264
   y5             0.283       0.284       0.242       0.836
   y6             0.240       0.272       0.863       0.241
   y7             0.836       0.257       0.246       0.265
   y8             0.262       0.840       0.271       0.274
   y9             0.276       0.262       0.258       0.861
   y10            0.245       0.259       0.847       0.254
   y11            0.843       0.253       0.249       0.269
   y12            0.289       0.866       0.287       0.294
 
 CF-VARIMAX Criterion: 6.607788355894538
 
 o=====================o
 | Factor Correlations |
 o=====================o
 
                     T1          T2          T3          T4
   T1             1.000
   T2             0.000       1.000
   T3             0.000       0.000       1.000
   T4             0.000       0.000       0.000       1.000
 
 ------------------------------------------------------------------
 Cycle          FunVal        MinDelta        MaxDelta  BMin  BMax
 ------------------------------------------------------------------
     1  0.430705972686  0.103899063689  0.437204414125     5     8
     2  0.382755148512  0.000000000000  0.135062145783     5     6
     3  0.382753531976  0.000000000000  0.000652734904     5     7
     4  0.382753531976  0.000000000000  0.000000000000     5     6
 ------------------------------------------------------------------
       Switched to Minimum Bracketing Procedure...
 ------------------------------------------------------------------
     5  0.382753102953  0.000011629192  0.000244726789     8     9
     6  0.382753102853  0.000000148330  0.000004205594     1     5
     7  0.382753102853  0.000000000000  0.000000048823     1     4
 ------------------------------------------------------------------
 
 o==============================o
 | GEOMIN Rotated Factor Matrix |
 o==============================o
 
                     T1          T2          T3          T4
   y1             0.032       0.929      -0.005       0.000
   y2             0.934       0.007       0.017       0.003
   y3             0.004       0.004       0.964       0.012
   y4             0.025      -0.006       0.005       0.936
   y5            -0.018       0.937       0.019       0.030
   y6             0.961      -0.006      -0.004       0.018
   y7             0.006       0.005       0.934       0.008
   y8            -0.004       0.009      -0.003       0.959
   y9             0.006       0.976       0.005      -0.009
   y10            0.940       0.017       0.006       0.000
   y11            0.008       0.009       0.944      -0.002
   y12            0.000       0.017       0.017       0.980
 
 GEOMIN Criterion: 0.3827531028526960
 
 o=====================o
 | Factor Correlations |
 o=====================o
 
                     T1          T2          T3          T4
   T1             1.000
   T2             0.600       1.000
   T3             0.590       0.629       1.000
   T4             0.630       0.637       0.624       1.000
 
 
 
 
 ***************************
 * Standard Errors Details *
 ***************************
 
 o=========================================o
 | Bordered Information Matrix Diagnostics |
 o=========================================o
 
 No errors trapped in calculations.
Maximum constraint violation:       0.514E-07
 
Elapsed Seconds:      0
 
 o================================o
 | Standard Errors after Rotation |
 o================================o
 
                     T1          T2          T3          T4
   y1             0.019       0.016       0.018       0.017
   y2             0.015       0.018       0.019       0.018
   y3             0.015       0.016       0.013       0.016
   y4             0.017       0.017       0.016       0.014
   y5             0.016       0.015       0.018       0.019
   y6             0.014       0.017       0.016       0.017
   y7             0.018       0.019       0.015       0.019
   y8             0.015       0.016       0.015       0.012
   y9             0.014       0.013       0.015       0.015
   y10            0.015       0.019       0.018       0.018
   y11            0.017       0.018       0.015       0.018
   y12            0.010       0.011       0.011       0.010
 
                     T1          T2          T3          T4
   T1             0.000
   T2             0.033       0.000
   T3             0.034       0.031       0.000
   T4             0.031       0.030       0.031       0.000
 
 o========================================o
 | One-At-A-Time 90% Confidence Intervals |
 o========================================o
 
                      T1                T2                T3                T4      
    y1      ( 0.000; 0.064)   ( 0.903; 0.955)   (-0.034; 0.024)   (-0.029; 0.029)   
    y2      ( 0.909; 0.958)   (-0.023; 0.037)   (-0.014; 0.048)   (-0.027; 0.033)   
    y3      (-0.021; 0.029)   (-0.022; 0.029)   ( 0.942; 0.986)   (-0.014; 0.038)   
    y4      (-0.004; 0.053)   (-0.033; 0.022)   (-0.022; 0.032)   ( 0.913; 0.959)   
    y5      (-0.044; 0.009)   ( 0.912; 0.962)   (-0.010; 0.048)   ( 0.000; 0.061)   
    y6      ( 0.938; 0.984)   (-0.033; 0.021)   (-0.031; 0.023)   (-0.011; 0.046)   
    y7      (-0.024; 0.035)   (-0.025; 0.036)   ( 0.909; 0.960)   (-0.022; 0.039)   
    y8      (-0.027; 0.020)   (-0.017; 0.035)   (-0.028; 0.023)   ( 0.938; 0.979)   
    y9      (-0.018; 0.029)   ( 0.954; 0.998)   (-0.020; 0.030)   (-0.034; 0.016)   
    y10     ( 0.915; 0.964)   (-0.013; 0.048)   (-0.023; 0.035)   (-0.029; 0.029)   
    y11     (-0.020; 0.037)   (-0.020; 0.039)   ( 0.919; 0.968)   (-0.031; 0.027)   
    y12     (-0.017; 0.016)   (-0.001; 0.035)   (-0.001; 0.034)   ( 0.963; 0.996)   
 
    T2      ( 0.543; 0.651)   
    T3      ( 0.532; 0.642)   ( 0.575; 0.678)   
    T4      ( 0.576; 0.678)   ( 0.585; 0.685)   ( 0.570; 0.673)   
 
 o================o
 | CEFA Completed |
 o================o
