 o-------------------------------------------------o
 | CEFA: Comprehensive Exploratory Factor Analysis |
 |                                                 |
 |               Release Version 3.04              |
 |                  December 2009                  |
 |                                                 |
 |           Mathematical Specification:           |
 |        Michael W. Browne, Robert Cudeck,        |
 |       Krishna Tateneni, and Gerhard Mels.       |
 |                                                 |
 |                   Programming:                  |
 |         Krishna Tateneni, Gerhard Mels,         |
 |      Robert Cudeck, and Michael W. Browne.      |
 o-------------------------------------------------o
 
 Date: 2014-10-22
 Time: 23:09:50
 
 ****
 *  *
 ****
 
 o=====================o
 | Details of Analysis |
 o=====================o
 
 Data file              : aa_a2.inp
 
 Number of observations :   400
 Number of variables    :    12
 Number of factors      :     4
 
 Rotation type          : Orthogonal+Oblique
 Sort columns using     : Descending sums of squares
 
 Rotation Criterion     : CF-VARIMAX
 Row weights            : Kaiser
 
 Rotation Criterion 2   : GEOMIN
 Optional parameter     : 0.100E-01
 Row weights            : Kaiser
 
 Rotation convergence   : 0.100E-05
 
 Std Errors using       : Bordered information matrix
 Derivatives            : Analytic
 
 
 
 
 ********************
 * Rotation Details *
 ********************
 
 o=====================================o
 | Row Weights (Not Necessarily Used!) |
 o=====================================o
 
  Kaiser weights, Cureton-Mulaik weights, and
  their products (final Cureton-Mulaik weights)
 
   y1             1.044       0.623       0.650
   y2             1.046       0.514       0.538
   y3             1.034       0.649       0.671
   y4             1.052       0.597       0.629
   y5             1.046       0.611       0.639
   y6             1.033       0.492       0.508
   y7             1.052       0.677       0.713
   y8             1.040       0.585       0.608
   y9             1.036       0.569       0.590
   y10            1.060       0.563       0.597
   y11            1.049       0.578       0.607
   y12            1.000       0.578       0.578
 
 o=======================o
 | Iteration Information |
 o=======================o
 
 ------------------------------------------------------------------
 Cycle          FunVal        MinDelta        MaxDelta  BMin  BMax
 ------------------------------------------------------------------
     1  6.443577028780  0.029397637008  0.309162020943     5     6
     2  6.217564762113  0.002929173849  0.090933106010     5     6
     3  6.216405743716  0.000000014901  0.005009060537     5     6
 ------------------------------------------------------------------
       Switched to Minimum Bracketing Procedure...
 ------------------------------------------------------------------
     4  6.216387456498  0.000000414003  0.000786339104     1     5
     5  6.216387389928  0.000006257122  0.000037573964     3     5
     6  6.216387388711  0.000000422986  0.000005351715     5     5
     7  6.216387388679  0.000000033605  0.000000914708     3     5
 ------------------------------------------------------------------
 
 o==================================o
 | CF-VARIMAX Rotated Factor Matrix |
 o==================================o
 
                     T1          T2          T3          T4
   y1             0.232       0.865       0.220       0.259
   y2             0.266       0.289       0.259       0.832
   y3             0.879       0.224       0.256       0.220
   y4             0.251       0.217       0.854       0.253
   y5             0.231       0.860       0.233       0.257
   y6             0.280       0.290       0.276       0.836
   y7             0.871       0.217       0.229       0.212
   y8             0.268       0.240       0.860       0.234
   y9             0.225       0.854       0.245       0.301
   y10            0.211       0.284       0.263       0.834
   y11            0.845       0.233       0.258       0.270
   y12            0.250       0.251       0.893       0.278
 
 CF-VARIMAX Criterion: 6.216387388679067
 
 o=====================o
 | Factor Correlations |
 o=====================o
 
                     T1          T2          T3          T4
   T1             1.000
   T2             0.000       1.000
   T3             0.000       0.000       1.000
   T4             0.000       0.000       0.000       1.000
 
 ------------------------------------------------------------------
 Cycle          FunVal        MinDelta        MaxDelta  BMin  BMax
 ------------------------------------------------------------------
     1  0.420829651195  0.129182097000  0.341271574271     6     7
     2  0.390951554552  0.000000000000  0.102241540076     5     7
     3  0.390946557941  0.000000000000  0.001136721154     5     7
     4  0.390946557941  0.000000000000  0.000000000000     5     6
 ------------------------------------------------------------------
       Switched to Minimum Bracketing Procedure...
 ------------------------------------------------------------------
     5  0.390946120192  0.000007480592  0.000233846011     7     8
     6  0.390946120055  0.000000068306  0.000005456701     1     5
     7  0.390946120055  0.000000000000  0.000000049994     1     4
 ------------------------------------------------------------------
 
 o==============================o
 | GEOMIN Rotated Factor Matrix |
 o==============================o
 
                     T1          T2          T3          T4
   y1            -0.009      -0.008       0.960       0.014
   y2            -0.006       0.937       0.008       0.029
   y3             0.019      -0.011       0.005       0.960
   y4             0.945       0.014      -0.014       0.007
   y5             0.010      -0.012       0.952       0.011
   y6             0.012       0.935       0.003       0.041
   y7            -0.012      -0.012       0.005       0.961
   y8             0.950      -0.024       0.017       0.028
   y9             0.016       0.049       0.929      -0.008
   y10            0.014       0.952       0.011      -0.042
   y11            0.014       0.061       0.008       0.904
   y12            0.984       0.029       0.014      -0.016
 
 GEOMIN Criterion: 0.3909461200550775
 
 o=====================o
 | Factor Correlations |
 o=====================o
 
                     T1          T2          T3          T4
   T1             1.000
   T2             0.606       1.000
   T3             0.557       0.632       1.000
   T4             0.575       0.573       0.540       1.000
 
 
 
 
 ***************************
 * Standard Errors Details *
 ***************************
 
 o=========================================o
 | Bordered Information Matrix Diagnostics |
 o=========================================o
 
 No errors trapped in calculations.
Maximum constraint violation:       0.312E-07
 
Elapsed Seconds:      0
 
 o================================o
 | Standard Errors after Rotation |
 o================================o
 
                     T1          T2          T3          T4
   y1             0.016       0.016       0.013       0.016
   y2             0.017       0.016       0.018       0.016
   y3             0.016       0.016       0.016       0.013
   y4             0.012       0.017       0.016       0.015
   y5             0.016       0.017       0.013       0.016
   y6             0.016       0.015       0.016       0.016
   y7             0.017       0.016       0.017       0.013
   y8             0.012       0.016       0.015       0.015
   y9             0.016       0.020       0.015       0.015
   y10            0.017       0.016       0.018       0.018
   y11            0.017       0.023       0.017       0.015
   y12            0.009       0.011       0.010       0.010
 
                     T1          T2          T3          T4
   T1             0.000
   T2             0.032       0.000
   T3             0.035       0.031       0.000
   T4             0.034       0.034       0.036       0.000
 
 o========================================o
 | One-At-A-Time 90% Confidence Intervals |
 o========================================o
 
                      T1                T2                T3                T4      
    y1      (-0.035; 0.017)   (-0.035; 0.019)   ( 0.939; 0.982)   (-0.013; 0.040)   
    y2      (-0.033; 0.022)   ( 0.911; 0.963)   (-0.020; 0.037)   ( 0.003; 0.055)   
    y3      (-0.008; 0.045)   (-0.037; 0.014)   (-0.021; 0.032)   ( 0.939; 0.981)   
    y4      ( 0.926; 0.965)   (-0.013; 0.042)   (-0.040; 0.012)   (-0.017; 0.031)   
    y5      (-0.017; 0.036)   (-0.040; 0.015)   ( 0.930; 0.974)   (-0.016; 0.038)   
    y6      (-0.014; 0.038)   ( 0.910; 0.961)   (-0.024; 0.029)   ( 0.014; 0.068)   
    y7      (-0.039; 0.016)   (-0.038; 0.015)   (-0.023; 0.034)   ( 0.940; 0.982)   
    y8      ( 0.930; 0.969)   (-0.050; 0.003)   (-0.008; 0.042)   ( 0.002; 0.053)   
    y9      (-0.010; 0.042)   ( 0.016; 0.082)   ( 0.905; 0.953)   (-0.033; 0.016)   
    y10     (-0.015; 0.042)   ( 0.925; 0.978)   (-0.019; 0.040)   (-0.071;-0.013)   
    y11     (-0.014; 0.042)   ( 0.023; 0.099)   (-0.021; 0.036)   ( 0.879; 0.929)   
    y12     ( 0.969; 0.998)   ( 0.010; 0.048)   (-0.003; 0.031)   (-0.033; 0.000)   
 
    T2      ( 0.551; 0.657)   
    T3      ( 0.497; 0.612)   ( 0.578; 0.681)   
    T4      ( 0.516; 0.628)   ( 0.513; 0.626)   ( 0.478; 0.597)   
 
 o================o
 | CEFA Completed |
 o================o
