 o-------------------------------------------------o
 | CEFA: Comprehensive Exploratory Factor Analysis |
 |                                                 |
 |               Release Version 3.04              |
 |                  December 2009                  |
 |                                                 |
 |           Mathematical Specification:           |
 |        Michael W. Browne, Robert Cudeck,        |
 |       Krishna Tateneni, and Gerhard Mels.       |
 |                                                 |
 |                   Programming:                  |
 |         Krishna Tateneni, Gerhard Mels,         |
 |      Robert Cudeck, and Michael W. Browne.      |
 o-------------------------------------------------o
 
 Date: 2014-10-22
 Time: 23:09:50
 
 ****
 *  *
 ****
 
 o=====================o
 | Details of Analysis |
 o=====================o
 
 Data file              : aa_a4.inp
 
 Number of observations :   400
 Number of variables    :    12
 Number of factors      :     4
 
 Rotation type          : Orthogonal+Oblique
 Sort columns using     : Descending sums of squares
 
 Rotation Criterion     : CF-VARIMAX
 Row weights            : Kaiser
 
 Rotation Criterion 2   : GEOMIN
 Optional parameter     : 0.100E-01
 Row weights            : Kaiser
 
 Rotation convergence   : 0.100E-05
 
 Std Errors using       : Bordered information matrix
 Derivatives            : Analytic
 
 
 
 
 ********************
 * Rotation Details *
 ********************
 
 o=====================================o
 | Row Weights (Not Necessarily Used!) |
 o=====================================o
 
  Kaiser weights, Cureton-Mulaik weights, and
  their products (final Cureton-Mulaik weights)
 
   y1             1.045       0.498       0.520
   y2             1.044       0.491       0.513
   y3             1.039       0.519       0.539
   y4             1.053       0.521       0.548
   y5             1.043       0.493       0.514
   y6             1.033       0.465       0.480
   y7             1.041       0.504       0.524
   y8             1.037       0.460       0.477
   y9             1.023       0.520       0.533
   y10            1.044       0.472       0.493
   y11            1.031       0.468       0.482
   y12            0.999       0.501       0.501
 
 o=======================o
 | Iteration Information |
 o=======================o
 
 ------------------------------------------------------------------
 Cycle          FunVal        MinDelta        MaxDelta  BMin  BMax
 ------------------------------------------------------------------
     1  7.601845347924  0.060931856069  0.407686642780     5     6
     2  7.093991116250  0.001252205896  0.172890801542     6     6
     3  7.089209411328  0.000707172632  0.014098761512     5     6
     4  7.089142862336  0.000000014901  0.001633509512     5     6
 ------------------------------------------------------------------
       Switched to Minimum Bracketing Procedure...
 ------------------------------------------------------------------
     5  7.089142102803  0.000004833210  0.000152379813     4     5
     6  7.089142093889  0.000005821449  0.000013366935     5     6
     7  7.089142093747  0.000000170418  0.000001969116     4     5
     8  7.089142093745  0.000000027107  0.000000254790     2     5
 ------------------------------------------------------------------
 
 o==================================o
 | CF-VARIMAX Rotated Factor Matrix |
 o==================================o
 
                     T1          T2          T3          T4
   y1             0.826       0.255       0.264       0.315
   y2             0.303       0.264       0.277       0.824
   y3             0.263       0.286       0.838       0.269
   y4             0.241       0.829       0.283       0.276
   y5             0.828       0.267       0.290       0.281
   y6             0.304       0.296       0.278       0.825
   y7             0.294       0.269       0.832       0.268
   y8             0.289       0.823       0.300       0.280
   y9             0.853       0.276       0.277       0.273
   y10            0.282       0.303       0.275       0.818
   y11            0.279       0.314       0.828       0.280
   y12            0.280       0.868       0.287       0.295
 
 CF-VARIMAX Criterion: 7.089142093745380
 
 o=====================o
 | Factor Correlations |
 o=====================o
 
                     T1          T2          T3          T4
   T1             1.000
   T2             0.000       1.000
   T3             0.000       0.000       1.000
   T4             0.000       0.000       0.000       1.000
 
 ------------------------------------------------------------------
 Cycle          FunVal        MinDelta        MaxDelta  BMin  BMax
 ------------------------------------------------------------------
     1  0.555956063103  0.052165336890  0.618375100920     5     8
     2  0.390466813965  0.000000000000  0.344456192375     5     7
     3  0.390387447951  0.000000000000  0.004989054108     5     8
     4  0.390387447951  0.000000000000  0.000000000000     5     6
 ------------------------------------------------------------------
       Switched to Minimum Bracketing Procedure...
 ------------------------------------------------------------------
     5  0.390387026150  0.000014882709  0.000236123805     7     9
     6  0.390387025858  0.000000043216  0.000007788072     1     5
     7  0.390387025858  0.000000000000  0.000000072708     1     5
 ------------------------------------------------------------------
 
 o==============================o
 | GEOMIN Rotated Factor Matrix |
 o==============================o
 
                     T1          T2          T3          T4
   y1             0.058      -0.011      -0.009       0.930
   y2             0.953       0.012      -0.027       0.022
   y3             0.006       0.963       0.007      -0.014
   y4             0.010       0.011       0.951      -0.024
   y5            -0.002       0.031       0.010       0.934
   y6             0.943       0.004       0.017       0.016
   y7             0.003       0.950      -0.022       0.035
   y8            -0.001       0.022       0.924       0.040
   y9            -0.020       0.005       0.023       0.973
   y10            0.939       0.006       0.036      -0.015
   y11            0.012       0.931       0.043       0.002
   y12            0.014      -0.011       0.990       0.014
 
 GEOMIN Criterion: 0.3903870258581306
 
 o=====================o
 | Factor Correlations |
 o=====================o
 
                     T1          T2          T3          T4
   T1             1.000
   T2             0.653       1.000
   T3             0.664       0.664       1.000
   T4             0.672       0.649       0.633       1.000
 
 
 
 
 ***************************
 * Standard Errors Details *
 ***************************
 
 o=========================================o
 | Bordered Information Matrix Diagnostics |
 o=========================================o
 
 No errors trapped in calculations.
Maximum constraint violation:       0.367E-07
 
Elapsed Seconds:      0
 
 o================================o
 | Standard Errors after Rotation |
 o================================o
 
                     T1          T2          T3          T4
   y1             0.022       0.017       0.016       0.017
   y2             0.016       0.018       0.017       0.018
   y3             0.017       0.014       0.015       0.016
   y4             0.018       0.017       0.014       0.016
   y5             0.015       0.019       0.017       0.015
   y6             0.015       0.017       0.016       0.017
   y7             0.017       0.015       0.016       0.019
   y8             0.016       0.017       0.014       0.018
   y9             0.015       0.015       0.016       0.013
   y10            0.017       0.018       0.019       0.017
   y11            0.017       0.015       0.018       0.015
   y12            0.012       0.011       0.010       0.011
 
                     T1          T2          T3          T4
   T1             0.000
   T2             0.030       0.000
   T3             0.029       0.029       0.000
   T4             0.028       0.030       0.031       0.000
 
 o========================================o
 | One-At-A-Time 90% Confidence Intervals |
 o========================================o
 
                      T1                T2                T3                T4      
    y1      ( 0.022; 0.095)   (-0.038; 0.016)   (-0.036; 0.018)   ( 0.903; 0.957)   
    y2      ( 0.926; 0.979)   (-0.017; 0.042)   (-0.055; 0.001)   (-0.008; 0.051)   
    y3      (-0.023; 0.035)   ( 0.940; 0.986)   (-0.018; 0.032)   (-0.041; 0.012)   
    y4      (-0.019; 0.040)   (-0.017; 0.039)   ( 0.928; 0.974)   (-0.051; 0.002)   
    y5      (-0.028; 0.023)   (-0.001; 0.062)   (-0.018; 0.038)   ( 0.910; 0.958)   
    y6      ( 0.918; 0.969)   (-0.024; 0.032)   (-0.009; 0.043)   (-0.012; 0.044)   
    y7      (-0.026; 0.031)   ( 0.925; 0.975)   (-0.049; 0.004)   ( 0.004; 0.066)   
    y8      (-0.028; 0.026)   (-0.006; 0.050)   ( 0.901; 0.947)   ( 0.011; 0.069)   
    y9      (-0.045; 0.004)   (-0.019; 0.030)   (-0.003; 0.049)   ( 0.951; 0.995)   
    y10     ( 0.912; 0.967)   (-0.024; 0.035)   ( 0.005; 0.067)   (-0.043; 0.014)   
    y11     (-0.016; 0.041)   ( 0.907; 0.956)   ( 0.013; 0.072)   (-0.024; 0.027)   
    y12     (-0.005; 0.033)   (-0.029; 0.008)   ( 0.973; 1.007)   (-0.004; 0.032)   
 
    T2      ( 0.602; 0.699)   
    T3      ( 0.614; 0.708)   ( 0.614; 0.709)   
    T4      ( 0.622; 0.716)   ( 0.597; 0.695)   ( 0.580; 0.681)   
 
 o================o
 | CEFA Completed |
 o================o
