 o-------------------------------------------------o
 | CEFA: Comprehensive Exploratory Factor Analysis |
 |                                                 |
 |               Release Version 3.04              |
 |                  December 2009                  |
 |                                                 |
 |           Mathematical Specification:           |
 |        Michael W. Browne, Robert Cudeck,        |
 |       Krishna Tateneni, and Gerhard Mels.       |
 |                                                 |
 |                   Programming:                  |
 |         Krishna Tateneni, Gerhard Mels,         |
 |      Robert Cudeck, and Michael W. Browne.      |
 o-------------------------------------------------o
 
 Date: 2014-10-22
 Time: 23:09:50
 
 ****
 *  *
 ****
 
 o=====================o
 | Details of Analysis |
 o=====================o
 
 Data file              : aa_a3.inp
 
 Number of observations :   400
 Number of variables    :    12
 Number of factors      :     4
 
 Rotation type          : Orthogonal+Oblique
 Sort columns using     : Descending sums of squares
 
 Rotation Criterion     : CF-VARIMAX
 Row weights            : Kaiser
 
 Rotation Criterion 2   : GEOMIN
 Optional parameter     : 0.100E-01
 Row weights            : Kaiser
 
 Rotation convergence   : 0.100E-05
 
 Std Errors using       : Bordered information matrix
 Derivatives            : Analytic
 
 
 
 
 ********************
 * Rotation Details *
 ********************
 
 o=====================================o
 | Row Weights (Not Necessarily Used!) |
 o=====================================o
 
  Kaiser weights, Cureton-Mulaik weights, and
  their products (final Cureton-Mulaik weights)
 
   y1             1.060       0.502       0.532
   y2             1.035       0.530       0.548
   y3             1.037       0.485       0.503
   y4             1.052       0.583       0.613
   y5             1.036       0.498       0.516
   y6             1.028       0.539       0.554
   y7             1.047       0.501       0.525
   y8             1.038       0.524       0.544
   y9             1.022       0.525       0.537
   y10            1.066       0.515       0.549
   y11            1.029       0.508       0.522
   y12            0.998       0.542       0.541
 
 o=======================o
 | Iteration Information |
 o=======================o
 
 ------------------------------------------------------------------
 Cycle          FunVal        MinDelta        MaxDelta  BMin  BMax
 ------------------------------------------------------------------
     1  7.067749281899  0.101257838970  0.332010586557     6     6
     2  6.832112908559  0.002107914272  0.101561928088     6     6
     3  6.830464988331  0.000499985106  0.006957643267     5     6
     4  6.830433041494  0.000000014901  0.001179484419     5     6
 ------------------------------------------------------------------
       Switched to Minimum Bracketing Procedure...
 ------------------------------------------------------------------
     5  6.830430588551  0.000077591512  0.000172734558     5     5
     6  6.830430466706  0.000003255142  0.000043122719     3     5
     7  6.830430464947  0.000000866762  0.000006480015     3     5
     8  6.830430464906  0.000000067369  0.000001092489     2     5
     9  6.830430464905  0.000000015503  0.000000204852     1     5
 ------------------------------------------------------------------
 
 o==================================o
 | CF-VARIMAX Rotated Factor Matrix |
 o==================================o
 
                     T1          T2          T3          T4
   y1             0.282       0.292       0.244       0.816
   y2             0.292       0.285       0.843       0.236
   y3             0.277       0.830       0.294       0.280
   y4             0.849       0.230       0.260       0.250
   y5             0.265       0.300       0.275       0.834
   y6             0.256       0.270       0.853       0.284
   y7             0.240       0.825       0.289       0.300
   y8             0.843       0.261       0.273       0.273
   y9             0.277       0.282       0.265       0.855
   y10            0.276       0.275       0.815       0.252
   y11            0.263       0.843       0.271       0.302
   y12            0.883       0.262       0.281       0.279
 
 CF-VARIMAX Criterion: 6.830430464904979
 
 o=====================o
 | Factor Correlations |
 o=====================o
 
                     T1          T2          T3          T4
   T1             1.000
   T2             0.000       1.000
   T3             0.000       0.000       1.000
   T4             0.000       0.000       0.000       1.000
 
 ------------------------------------------------------------------
 Cycle          FunVal        MinDelta        MaxDelta  BMin  BMax
 ------------------------------------------------------------------
     1  0.453981344884  0.088555152554  0.424276583285     6     8
     2  0.389347069063  0.000000000000  0.166339275338     5     7
     3  0.389342918888  0.000000000000  0.001158847603     5     7
     4  0.389342918888  0.000000000000  0.000000000000     5     6
 ------------------------------------------------------------------
       Switched to Minimum Bracketing Procedure...
 ------------------------------------------------------------------
     5  0.389342315464  0.000045312987  0.000276047538     8     9
     6  0.389342314465  0.000000169687  0.000016625817     1     6
     7  0.389342314465  0.000000000000  0.000000292556     1     5
 ------------------------------------------------------------------
 
 o==============================o
 | GEOMIN Rotated Factor Matrix |
 o==============================o
 
                     T1          T2          T3          T4
   y1             0.921       0.019      -0.014       0.028
   y2            -0.030       0.020       0.950       0.034
   y3            -0.018       0.944       0.020       0.031
   y4            -0.004      -0.012       0.004       0.958
   y5             0.942       0.018       0.027      -0.010
   y6             0.049      -0.012       0.967      -0.028
   y7             0.022       0.940       0.019      -0.022
   y8             0.017       0.022       0.009       0.932
   y9             0.976      -0.013       0.010       0.008
   y10            0.006       0.013       0.914       0.017
   y11            0.018       0.965      -0.018       0.010
   y12            0.013       0.011       0.008       0.982
 
 GEOMIN Criterion: 0.3893423144647953
 
 o=====================o
 | Factor Correlations |
 o=====================o
 
                     T1          T2          T3          T4
   T1             1.000
   T2             0.669       1.000
   T3             0.621       0.651       1.000
   T4             0.627       0.612       0.628       1.000
 
 
 
 
 ***************************
 * Standard Errors Details *
 ***************************
 
 o=========================================o
 | Bordered Information Matrix Diagnostics |
 o=========================================o
 
 No errors trapped in calculations.
Maximum constraint violation:       0.592E-07
 
Elapsed Seconds:      0
 
 o================================o
 | Standard Errors after Rotation |
 o================================o
 
                     T1          T2          T3          T4
   y1             0.017       0.020       0.018       0.019
   y2             0.017       0.018       0.015       0.017
   y3             0.016       0.015       0.017       0.017
   y4             0.016       0.017       0.016       0.012
   y5             0.015       0.017       0.018       0.015
   y6             0.019       0.016       0.015       0.015
   y7             0.018       0.016       0.018       0.016
   y8             0.017       0.017       0.016       0.013
   y9             0.013       0.015       0.015       0.014
   y10            0.018       0.021       0.016       0.018
   y11            0.016       0.014       0.016       0.014
   y12            0.011       0.011       0.010       0.009
 
                     T1          T2          T3          T4
   T1             0.000
   T2             0.028       0.000
   T3             0.032       0.030       0.000
   T4             0.031       0.032       0.031       0.000
 
 o========================================o
 | One-At-A-Time 90% Confidence Intervals |
 o========================================o
 
                      T1                T2                T3                T4      
    y1      ( 0.894; 0.949)   (-0.013; 0.051)   (-0.044; 0.015)   (-0.003; 0.059)   
    y2      (-0.058;-0.001)   (-0.009; 0.049)   ( 0.925; 0.975)   ( 0.006; 0.061)   
    y3      (-0.045; 0.009)   ( 0.919; 0.969)   (-0.008; 0.047)   ( 0.004; 0.058)   
    y4      (-0.031; 0.023)   (-0.039; 0.016)   (-0.023; 0.031)   ( 0.938; 0.978)   
    y5      ( 0.918; 0.966)   (-0.010; 0.047)   (-0.001; 0.056)   (-0.035; 0.014)   
    y6      ( 0.018; 0.080)   (-0.038; 0.014)   ( 0.943; 0.991)   (-0.052;-0.003)   
    y7      (-0.007; 0.052)   ( 0.915; 0.966)   (-0.009; 0.048)   (-0.048; 0.005)   
    y8      (-0.010; 0.044)   (-0.006; 0.050)   (-0.017; 0.036)   ( 0.912; 0.953)   
    y9      ( 0.954; 0.998)   (-0.039; 0.012)   (-0.015; 0.035)   (-0.015; 0.030)   
    y10     (-0.023; 0.036)   (-0.021; 0.047)   ( 0.887; 0.941)   (-0.013; 0.047)   
    y11     (-0.009; 0.044)   ( 0.943; 0.988)   (-0.044; 0.007)   (-0.013; 0.034)   
    y12     (-0.005; 0.030)   (-0.007; 0.028)   (-0.009; 0.026)   ( 0.968; 0.997)   
 
    T2      ( 0.619; 0.713)   
    T3      ( 0.566; 0.671)   ( 0.600; 0.697)   
    T4      ( 0.573; 0.675)   ( 0.556; 0.661)   ( 0.575; 0.677)   
 
 o================o
 | CEFA Completed |
 o================o
