 +----------------------------------------------------------+
 | MultiPACE: Noniterative Multiple Battery Factor Analysis |
 |                     ---------------                      |
 |                     Version 1A Beta                      |
 |                     Uses MWL Method                      |
 |                     ----------------                     |
 |         Michael W. Browne and Krishna Tateneni           |
 +----------------------------------------------------------+
 
 Using Data From:corr1.txt                                                      
                                                                                
                                                                                
                                    
 Number of Batteries:          3
 Number of Factors:          4
 --------------------------------------------------------
 
 
 
 Input Matrix:


           1      2      3      4         5      6      7      8         9     10     11     12
 
   1      1.00
   2       .62   1.00
   3       .55    .62   1.00
   4       .58    .62    .59   1.00
 
   5       .91    .58    .49    .53      1.00
   6       .59    .92    .58    .56       .61   1.00
   7       .57    .60    .91    .58       .57    .63   1.00
   8       .57    .58    .55    .91       .59    .60    .61   1.00
 
   9       .92    .61    .53    .54       .93    .62    .57    .58      1.00
  10       .55    .92    .59    .55       .55    .92    .59    .54       .61   1.00
  11       .55    .62    .92    .55       .50    .60    .90    .54       .57    .64   1.00
  12       .58    .63    .60    .95       .57    .62    .62    .95       .59    .59    .60   1.00
 
 
 
 
 *******************************
 RminusC Module Diagnostic Information:
 
 Battery Allocation (0-unused, 1-Set 3, 2-Set 2):
           0           2           1
 
 Singular values of R33^(-1/2) * R32 * R22^(-1/2):
     .96     .90     .86     .84
 
 Discarded portion of this block of communalities:
     .00     .00     .00     .00
     .00     .00     .00     .00
     .00     .00     .00     .00
     .00     .00     .00     .00
 
 *******************************
 
 *******************************
 RminusC Module Diagnostic Information:
 
 Battery Allocation (0-unused, 1-Set 3, 2-Set 2):
           2           0           1
 
 Singular values of R33^(-1/2) * R32 * R22^(-1/2):
     .96     .89     .87     .86
 
 Discarded portion of this block of communalities:
     .00     .00     .00     .00
     .00     .00     .00     .00
     .00     .00     .00     .00
     .00     .00     .00     .00
 
 *******************************
 
 *******************************
 RminusC Module Diagnostic Information:
 
 Battery Allocation (0-unused, 1-Set 3, 2-Set 2):
           2           1           0
 
 Singular values of R33^(-1/2) * R32 * R22^(-1/2):
     .93     .87     .86     .85
 
 Discarded portion of this block of communalities:
     .00     .00     .00     .00
     .00     .00     .00     .00
     .00     .00     .00     .00
     .00     .00     .00     .00
 
 *******************************
 Psi Matrix:


           1      2      3      4         5      6      7      8         9     10     11     12
 
   1       .10
   2       .04    .07
   3       .02    .02    .07
   4       .04    .04    .03    .10
 
   5       .00    .00    .00    .00       .08
   6       .00    .00    .00    .00       .02    .08
   7       .00    .00    .00    .00       .04    .04    .12
   8       .00    .00    .00    .00       .03    .03    .04    .09
 
   9       .00    .00    .00    .00       .00    .00    .00    .00       .06
  10       .00    .00    .00    .00       .00    .00    .00    .00       .02    .09
  11       .00    .00    .00    .00       .00    .00    .00    .00       .02    .03    .08
  12       .00    .00    .00    .00       .00    .00    .00    .00       .01   -.01    .00    .01
 
 
 
 Eigenvalues of Psi:
 
    .19    .07    .05    .04
    .19    .06    .06    .05
    .13    .05    .05    .00
 
 
 
 Unrotated Factor Loadings:


           1      2      3      4
 
   1       .08    .38   -.65    .57
   2      -.33   -.30   -.50    .69
   3       .48   -.36   -.43    .62
   4       .07    .08    .05    .94
 
   5       .03    .42   -.66    .55
   6      -.34   -.28   -.52    .68
   7       .45   -.29   -.44    .63
   8       .07    .13    .03    .94
 
   9       .04    .38   -.68    .58
  10      -.33   -.33   -.51    .66
  11       .45   -.36   -.47    .61
  12       .06    .07    .03    .99
 
 
 
 Reconstructed (R - Psi):


           1      2      3      4         5      6      7      8         9     10     11     12
 
   1       .90
   2       .58    .93
   3       .53    .59    .93
   4       .54    .58    .56    .90
 
   5       .91    .58    .49    .52       .92
   6       .59    .92    .58    .56       .59    .92
   7       .57    .60    .91    .58       .53    .59    .88
   8       .57    .58    .55    .91       .56    .56    .57    .91
 
   9       .92    .61    .53    .54       .93    .62    .57    .58       .94
  10       .55    .92    .59    .55       .55    .92    .59    .54       .59    .91
  11       .55    .62    .92    .55       .50    .60    .90    .54       .55    .61    .92
  12       .58    .63    .60    .95       .57    .62    .62    .95       .59    .60    .59    .99
 
 
 
 Residuals (R - Lam*Lam'):


           1      2      3      4         5      6      7      8         9     10     11     12
 
   1       .10
   2       .04    .07
   3       .02    .02    .07
   4       .04    .04    .03    .10
 
   5       .00    .00    .00    .00       .08
   6       .00    .00    .00    .00       .02    .08
   7       .00    .00    .00    .00       .04    .04    .12
   8       .00    .00    .00    .00       .03    .03    .04    .09
 
   9       .00    .00    .00    .00       .00    .00    .00    .00       .06
  10       .00    .00    .00    .00       .00    .00    .00    .00       .02    .09
  11       .00    .00    .00    .00       .00    .00    .00    .00       .02    .03    .08
  12       .00    .00    .00    .00       .00    .00    .00    .00       .01   -.01    .00    .01
 
 
 
 ML discrepancy function (uncorrected):
 
    .01
 
 
 
 Varimax Rotated Factor Loadings:


           1      2      3      4
 
   1       .26   -.24   -.84    .26
   2       .28   -.83   -.27    .28
   3       .87   -.26   -.21    .26
   4       .26   -.24   -.23    .85
 
   5       .20   -.25   -.87    .24
   6       .27   -.83   -.30    .26
   7       .82   -.26   -.27    .28
   8       .24   -.23   -.28    .85
 
   9       .24   -.28   -.86    .25
  10       .29   -.84   -.26    .24
  11       .85   -.29   -.23    .24
  12       .28   -.28   -.26    .88
 
 
 
 Direct Quartimin Rotated Factor Loadings:


           1      2      3      4
 
   1       .02   -.03    .93    .04
   2       .03    .95    .00    .00
   3       .01   -.01   -.03    .98
   4       .96    .00   -.03    .01
 
   5       .00    .01    .98   -.04
   6       .00    .95    .03   -.02
   7       .04   -.02    .05    .90
   8       .96   -.02    .05   -.02
 
   9      -.01    .03    .95    .01
  10      -.02    .97   -.02    .02
  11      -.03    .04    .00    .96
  12       .97    .03   -.02    .02
 
 
 
 Direct Quartimin Factor Correlations:


           1      2      3      4
 
   1      1.00    .62    .60    .62
   2       .62   1.00    .63    .65
   3       .60    .63   1.00    .57
   4       .62    .65    .57   1.00
